<?xml version="1.0" encoding="UTF-8"?>
<testng-results ignored="0" total="2" passed="2" failed="0" skipped="0">
  <reporter-output>
  </reporter-output>
  <suite started-at="2024-06-20T17:26:33 ICT" name="Default suite" finished-at="2024-06-20T17:26:34 ICT" duration-ms="821">
    <groups>
      <group name="cucumber">
        <method signature="AbstractTestNGCucumberTests.runScenario(io.cucumber.testng.PickleWrapper,io.cucumber.testng.FeatureWrapper)[pri:0, instance:cucumberOptions.TestNGRunner@2d1ef81a]" name="runScenario" class="io.cucumber.testng.AbstractTestNGCucumberTests"/>
      </group> <!-- cucumber -->
    </groups>
    <test started-at="2024-06-20T17:26:33 ICT" name="Default test" finished-at="2024-06-20T17:26:34 ICT" duration-ms="821">
      <class name="cucumberOptions.TestNGRunner">
        <test-method is-config="true" signature="setUpClass(org.testng.ITestContext)[pri:0, instance:cucumberOptions.TestNGRunner@2d1ef81a]" started-at="2024-06-20T17:26:33 ICT" name="setUpClass" finished-at="2024-06-20T17:26:34 ICT" duration-ms="590" status="PASS">
          <params>
            <param index="0">
              <value>
                <![CDATA[org.testng.TestRunner@7a0e1b5e]]>
              </value>
            </param>
          </params>
          <reporter-output>
          </reporter-output>
        </test-method> <!-- setUpClass -->
        <test-method signature="runScenario(io.cucumber.testng.PickleWrapper,io.cucumber.testng.FeatureWrapper)[pri:0, instance:cucumberOptions.TestNGRunner@2d1ef81a]" started-at="2024-06-20T17:26:34 ICT" name="runScenario" description="Runs Cucumber Scenarios" data-provider="scenarios" finished-at="2024-06-20T17:26:34 ICT" duration-ms="114" status="PASS">
          <params>
            <param index="0">
              <value>
                <![CDATA["Admin Page default login"]]>
              </value>
            </param>
            <param index="1">
              <value>
                <![CDATA["Application Login"]]>
              </value>
            </param>
          </params>
          <reporter-output>
          </reporter-output>
        </test-method> <!-- runScenario -->
        <test-method signature="runScenario(io.cucumber.testng.PickleWrapper,io.cucumber.testng.FeatureWrapper)[pri:0, instance:cucumberOptions.TestNGRunner@2d1ef81a]" started-at="2024-06-20T17:26:34 ICT" name="runScenario" description="Runs Cucumber Scenarios" data-provider="scenarios" finished-at="2024-06-20T17:26:34 ICT" duration-ms="12" status="PASS">
          <params>
            <param index="0">
              <value>
                <![CDATA["User Page default login"]]>
              </value>
            </param>
            <param index="1">
              <value>
                <![CDATA["Application Login"]]>
              </value>
            </param>
          </params>
          <reporter-output>
          </reporter-output>
        </test-method> <!-- runScenario -->
        <test-method is-config="true" signature="tearDownClass()[pri:0, instance:cucumberOptions.TestNGRunner@2d1ef81a]" started-at="2024-06-20T17:26:34 ICT" name="tearDownClass" finished-at="2024-06-20T17:26:34 ICT" duration-ms="51" status="PASS">
          <reporter-output>
          </reporter-output>
        </test-method> <!-- tearDownClass -->
      </class> <!-- cucumberOptions.TestNGRunner -->
    </test> <!-- Default test -->
  </suite> <!-- Default suite -->
</testng-results>
